app/build/intermediates/manifest_merge_blame_file/debug/manifest-merger-blame-debug-report.txt
1<?xml version="1.0" encoding="utf-8"?>
2<manifest xmlns:android="http://schemas.android.com/apk/res/android"
3    package="com.example.aptitudetestquiz"
4    android:versionCode="1"
5    android:versionName="1.0" >
6
7    <uses-sdk
8        android:minSdkVersion="15"
8-->src\main\AndroidManifest.xml
9        android:targetSdkVersion="29" />
9-->src\main\AndroidManifest.xml
10
11    <application
11-->src\main\AndroidManifest.xml:5:5-43:19
12        android:allowBackup="true"
12-->src\main\AndroidManifest.xml:6:9-35
13        android:appComponentFactory="androidx.core.app.CoreComponentFactory"
13-->[androidx.core:core:1.1.0] AndroidManifest.xml:24:18-86
14        android:debuggable="true"
15        android:icon="@mipmap/ic_launcher1"
15-->src\main\AndroidManifest.xml:7:9-44
16        android:label="@string/app_name"
16-->src\main\AndroidManifest.xml:8:9-41
17        android:roundIcon="@mipmap/ic_launcher_round"
17-->src\main\AndroidManifest.xml:9:9-54
18        android:supportsRtl="true"
18-->src\main\AndroidManifest.xml:10:9-35
19        android:testOnly="true"
20        android:theme="@style/Theme.AppCompat.DayNight.DarkActionBar" >
20-->src\main\AndroidManifest.xml:11:9-70
21        <activity android:name="com.example.aptitudetestquiz.MainActivity" />
21-->src\main\AndroidManifest.xml:12:9-59
21-->src\main\AndroidManifest.xml:12:19-47
22        <activity android:name="com.example.aptitudetestquiz.difficultverbal1" />
22-->src\main\AndroidManifest.xml:13:9-54
22-->src\main\AndroidManifest.xml:13:19-51
23        <activity android:name="com.example.aptitudetestquiz.difficultverbal" />
23-->src\main\AndroidManifest.xml:14:9-53
23-->src\main\AndroidManifest.xml:14:19-50
24        <activity android:name="com.example.aptitudetestquiz.difficultpuzzle1" />
24-->src\main\AndroidManifest.xml:15:9-54
24-->src\main\AndroidManifest.xml:15:19-51
25        <activity android:name="com.example.aptitudetestquiz.difficultpuzzle" />
25-->src\main\AndroidManifest.xml:16:9-53
25-->src\main\AndroidManifest.xml:16:19-50
26        <activity android:name="com.example.aptitudetestquiz.difficultquants1" />
26-->src\main\AndroidManifest.xml:17:9-54
26-->src\main\AndroidManifest.xml:17:19-51
27        <activity android:name="com.example.aptitudetestquiz.difficultquants" />
27-->src\main\AndroidManifest.xml:18:9-53
27-->src\main\AndroidManifest.xml:18:19-50
28        <activity android:name="com.example.aptitudetestquiz.difficultlogic1" />
28-->src\main\AndroidManifest.xml:19:9-53
28-->src\main\AndroidManifest.xml:19:19-50
29        <activity android:name="com.example.aptitudetestquiz.difficultlogic" />
29-->src\main\AndroidManifest.xml:20:9-52
29-->src\main\AndroidManifest.xml:20:19-49
30        <activity android:name="com.example.aptitudetestquiz.normalpuzzle1" />
30-->src\main\AndroidManifest.xml:21:9-51
30-->src\main\AndroidManifest.xml:21:19-48
31        <activity android:name="com.example.aptitudetestquiz.normalpuzzle" />
31-->src\main\AndroidManifest.xml:22:9-50
31-->src\main\AndroidManifest.xml:22:19-47
32        <activity android:name="com.example.aptitudetestquiz.normalverbal1" />
32-->src\main\AndroidManifest.xml:23:9-51
32-->src\main\AndroidManifest.xml:23:19-48
33        <activity android:name="com.example.aptitudetestquiz.normalverbal" />
33-->src\main\AndroidManifest.xml:24:9-50
33-->src\main\AndroidManifest.xml:24:19-47
34        <activity android:name="com.example.aptitudetestquiz.level4" />
34-->src\main\AndroidManifest.xml:25:9-44
34-->src\main\AndroidManifest.xml:25:19-41
35        <activity android:name="com.example.aptitudetestquiz.level3" />
35-->src\main\AndroidManifest.xml:26:9-44
35-->src\main\AndroidManifest.xml:26:19-41
36        <activity android:name="com.example.aptitudetestquiz.normallogic1" />
36-->src\main\AndroidManifest.xml:27:9-50
36-->src\main\AndroidManifest.xml:27:19-47
37        <activity android:name="com.example.aptitudetestquiz.normallogic" />
37-->src\main\AndroidManifest.xml:28:9-49
37-->src\main\AndroidManifest.xml:28:19-46
38        <activity android:name="com.example.aptitudetestquiz.level2" />
38-->src\main\AndroidManifest.xml:29:9-44
38-->src\main\AndroidManifest.xml:29:19-41
39        <activity android:name="com.example.aptitudetestquiz.score" />
39-->src\main\AndroidManifest.xml:30:9-43
39-->src\main\AndroidManifest.xml:30:19-40
40        <activity android:name="com.example.aptitudetestquiz.normalquants1" />
40-->src\main\AndroidManifest.xml:31:9-51
40-->src\main\AndroidManifest.xml:31:19-48
41        <activity android:name="com.example.aptitudetestquiz.normalquants" />
41-->src\main\AndroidManifest.xml:32:9-50
41-->src\main\AndroidManifest.xml:32:19-47
42        <activity android:name="com.example.aptitudetestquiz.level1" />
42-->src\main\AndroidManifest.xml:33:9-44
42-->src\main\AndroidManifest.xml:33:19-41
43        <activity android:name="com.example.aptitudetestquiz.AndroidDatabaseManager" />
43-->src\main\AndroidManifest.xml:34:9-59
43-->src\main\AndroidManifest.xml:34:19-57
44        <activity android:name="com.example.aptitudetestquiz.splashscreen" >
44-->src\main\AndroidManifest.xml:35:9-42:20
44-->src\main\AndroidManifest.xml:35:19-47
45            <intent-filter>
45-->src\main\AndroidManifest.xml:37:13-41:29
46                <action android:name="android.intent.action.MAIN" />
46-->src\main\AndroidManifest.xml:38:17-69
46-->src\main\AndroidManifest.xml:38:25-66
47
48                <category android:name="android.intent.category.LAUNCHER" />
48-->src\main\AndroidManifest.xml:40:17-77
48-->src\main\AndroidManifest.xml:40:27-74
49            </intent-filter>
50        </activity>
51    </application>
52
53</manifest>